<?xml version="1.0" encoding="UTF-8"?>
<!-- Generated by org.testng.reporters.JUnitXMLReporter -->
<testsuite ignored="0" hostname="Tigeruuu" failures="1" tests="14" name="Surefire test" time="121.358" errors="0" timestamp="2025-06-13T18:24:48 IST">
  <testcase classname="com.ui.AlertsFramesAndWindowsTest" name="alertsTest" time="7.081"/>
  <testcase classname="com.ui.AlertsFramesAndWindowsTest" name="browserWindowsTest" time="4.443"/>
  <testcase classname="com.ui.AlertsFramesAndWindowsTest" name="framesTest" time="3.893"/>
  <testcase classname="com.ui.AlertsFramesAndWindowsTest" name="modalAlertsTest" time="3.609"/>
  <testcase classname="com.ui.ElementsTest" name="brokenLinks" time="2.153"/>
  <testcase classname="com.ui.ElementsTest" name="buttons" time="2.063"/>
  <testcase classname="com.ui.ElementsTest" name="checkBox" time="1.829"/>
  <testcase classname="com.ui.ElementsTest" name="links" time="3.5"/>
  <testcase classname="com.ui.ElementsTest" name="radioButtons" time="32.336"/>
  <testcase classname="com.ui.ElementsTest" name="texBox" time="3.269"/>
  <testcase classname="com.ui.ElementsTest" name="uploadAndDownload" time="1.967"/>
  <testcase classname="com.ui.LoginValidationTest" name="inValidLoginTest" time="0.887"/>
  <testcase classname="com.ui.LoginValidationTest" name="validLoginTest" time="1.49"/>
  <testcase classname="com.ui.RegistrationTest" name="registrationForm" time="2.051">
    <failure type="org.openqa.selenium.InvalidArgumentException" message="invalid argument: File not found : D://Manoj//1747680424251.jpeg
  (Session info: chrome=137.0.7151.104)
Build info: version: &amp;apos;4.29.0&amp;apos;, revision: &amp;apos;5fc1ec94cb&amp;apos;
System info: os.name: &amp;apos;Windows 11&amp;apos;, os.arch: &amp;apos;amd64&amp;apos;, os.version: &amp;apos;10.0&amp;apos;, java.version: &amp;apos;21.0.6&amp;apos;
Driver info: org.openqa.selenium.chrome.ChromeDriver
Command: [b5570fbe43e34cb11a4cd9ee40e6ff1c, sendKeysToElement {id=f.8082AAA85E7DB7E3BD66A789EFE10C20.d.93DDC3D42A6E7181C85098EF28D002F6.e.44, value=[Ljava.lang.CharSequence;@69de72ec}]
Capabilities {acceptInsecureCerts: false, browserName: chrome, browserVersion: 137.0.7151.104, chrome: {chromedriverVersion: 137.0.7151.70 (dfa4dc56b2ab..., userDataDir: C:\Users\manoj\AppData\Loca...}, fedcm:accounts: true, goog:chromeOptions: {debuggerAddress: localhost:50468}, networkConnectionEnabled: false, pageLoadStrategy: normal, platformName: windows, proxy: Proxy(), se:cdp: ws://localhost:50468/devtoo..., se:cdpVersion: 137.0.7151.104, setWindowRect: true, strictFileInteractability: false, timeouts: {implicit: 0, pageLoad: 300000, script: 30000}, unhandledPromptBehavior: dismiss and notify, webauthn:extension:credBlob: true, webauthn:extension:largeBlob: true, webauthn:extension:minPinLength: true, webauthn:extension:prf: true, webauthn:virtualAuthenticators: true}
Element: [[ChromeDriver: chrome on windows (b5570fbe43e34cb11a4cd9ee40e6ff1c)] -&amp;gt; xpath: //input[@id=&amp;apos;picture&amp;apos; and @type=&amp;apos;file&amp;apos;]]
Session ID: b5570fbe43e34cb11a4cd9ee40e6ff1c">
      <![CDATA[org.openqa.selenium.InvalidArgumentException: invalid argument: File not found : D://Manoj//1747680424251.jpeg
  (Session info: chrome=137.0.7151.104)
Build info: version: '4.29.0', revision: '5fc1ec94cb'
System info: os.name: 'Windows 11', os.arch: 'amd64', os.version: '10.0', java.version: '21.0.6'
Driver info: org.openqa.selenium.chrome.ChromeDriver
Command: [b5570fbe43e34cb11a4cd9ee40e6ff1c, sendKeysToElement {id=f.8082AAA85E7DB7E3BD66A789EFE10C20.d.93DDC3D42A6E7181C85098EF28D002F6.e.44, value=[Ljava.lang.CharSequence;@69de72ec}]
Capabilities {acceptInsecureCerts: false, browserName: chrome, browserVersion: 137.0.7151.104, chrome: {chromedriverVersion: 137.0.7151.70 (dfa4dc56b2ab..., userDataDir: C:\Users\manoj\AppData\Loca...}, fedcm:accounts: true, goog:chromeOptions: {debuggerAddress: localhost:50468}, networkConnectionEnabled: false, pageLoadStrategy: normal, platformName: windows, proxy: Proxy(), se:cdp: ws://localhost:50468/devtoo..., se:cdpVersion: 137.0.7151.104, setWindowRect: true, strictFileInteractability: false, timeouts: {implicit: 0, pageLoad: 300000, script: 30000}, unhandledPromptBehavior: dismiss and notify, webauthn:extension:credBlob: true, webauthn:extension:largeBlob: true, webauthn:extension:minPinLength: true, webauthn:extension:prf: true, webauthn:virtualAuthenticators: true}
Element: [[ChromeDriver: chrome on windows (b5570fbe43e34cb11a4cd9ee40e6ff1c)] -> xpath: //input[@id='picture' and @type='file']]
Session ID: b5570fbe43e34cb11a4cd9ee40e6ff1c
at org.openqa.selenium.remote.ErrorCodec.decode(ErrorCodec.java:167)
at org.openqa.selenium.remote.codec.w3c.W3CHttpResponseCodec.decode(W3CHttpResponseCodec.java:138)
at org.openqa.selenium.remote.codec.w3c.W3CHttpResponseCodec.decode(W3CHttpResponseCodec.java:50)
at org.openqa.selenium.remote.HttpCommandExecutor.execute(HttpCommandExecutor.java:215)
at org.openqa.selenium.remote.service.DriverCommandExecutor.invokeExecute(DriverCommandExecutor.java:216)
at org.openqa.selenium.remote.service.DriverCommandExecutor.execute(DriverCommandExecutor.java:174)
at org.openqa.selenium.remote.RemoteWebDriver.execute(RemoteWebDriver.java:545)
at org.openqa.selenium.remote.RemoteWebElement.execute(RemoteWebElement.java:223)
at org.openqa.selenium.remote.RemoteWebElement.sendKeys(RemoteWebElement.java:110)
at core.testutils.BrowserActionsUtility.enterText(BrowserActionsUtility.java:112)
at core.pageobjects.RegistrationPage.registrationFormGrid(RegistrationPage.java:42)
at com.ui.RegistrationTest.registrationForm(RegistrationTest.java:19)
at java.base/java.util.ArrayList.forEach(ArrayList.java:1596)
... Removed 33 stack frames]]>
    </failure>
  </testcase> <!-- registrationForm -->
</testsuite> <!-- Surefire test -->
